INFO:mt5_journal:App logging initialized
INFO:mt5_journal:Database initialized (users + trades + account_history + calendar_pnl + trade_plans)
ERROR:app:Exception on /login [GET]
Traceback (most recent call last):
  File "C:\Users\HP\AppData\Local\Programs\Python\Python313\Lib\site-packages\flask\app.py", line 1511, in wsgi_app
    response = self.full_dispatch_request()
  File "C:\Users\HP\AppData\Local\Programs\Python\Python313\Lib\site-packages\flask\app.py", line 919, in full_dispatch_request
    rv = self.handle_user_exception(e)
  File "C:\Users\HP\AppData\Local\Programs\Python\Python313\Lib\site-packages\flask\app.py", line 917, in full_dispatch_request
    rv = self.dispatch_request()
  File "C:\Users\HP\AppData\Local\Programs\Python\Python313\Lib\site-packages\flask\app.py", line 902, in dispatch_request
    return self.ensure_sync(self.view_functions[rule.endpoint])(**view_args)  # type: ignore[no-any-return]
           ~~~~~~~~~~~~~~~~~~~~~~~~~~~~~~~~~~~~~~~~~~~~~~~~~~~~^^^^^^^^^^^^^
  File "C:\Users\HP\Documents\Universal MT5 Web based Journal\app.py", line 961, in login
    return render_template('login.html')
  File "C:\Users\HP\AppData\Local\Programs\Python\Python313\Lib\site-packages\flask\templating.py", line 149, in render_template
    template = app.jinja_env.get_or_select_template(template_name_or_list)
  File "C:\Users\HP\AppData\Local\Programs\Python\Python313\Lib\site-packages\jinja2\environment.py", line 1087, in get_or_select_template
    return self.get_template(template_name_or_list, parent, globals)
           ~~~~~~~~~~~~~~~~~^^^^^^^^^^^^^^^^^^^^^^^^^^^^^^^^^^^^^^^^
  File "C:\Users\HP\AppData\Local\Programs\Python\Python313\Lib\site-packages\jinja2\environment.py", line 1016, in get_template
    return self._load_template(name, globals)
           ~~~~~~~~~~~~~~~~~~~^^^^^^^^^^^^^^^
  File "C:\Users\HP\AppData\Local\Programs\Python\Python313\Lib\site-packages\jinja2\environment.py", line 975, in _load_template
    template = self.loader.load(self, name, self.make_globals(globals))
  File "C:\Users\HP\AppData\Local\Programs\Python\Python313\Lib\site-packages\jinja2\loaders.py", line 138, in load
    code = environment.compile(source, name, filename)
  File "C:\Users\HP\AppData\Local\Programs\Python\Python313\Lib\site-packages\jinja2\environment.py", line 771, in compile
    self.handle_exception(source=source_hint)
    ~~~~~~~~~~~~~~~~~~~~~^^^^^^^^^^^^^^^^^^^^
  File "C:\Users\HP\AppData\Local\Programs\Python\Python313\Lib\site-packages\jinja2\environment.py", line 942, in handle_exception
    raise rewrite_traceback_stack(source=source)
  File "C:\Users\HP\Documents\Universal MT5 Web based Journal\templates\login.html", line 17, in template
    {% csrf_token() %}
    ^^^^^^^^^^^^^^^^^
jinja2.exceptions.TemplateSyntaxError: Encountered unknown tag 'csrf_token'.
INFO:mt5_journal:App logging initialized
INFO:mt5_journal:Database initialized (users + trades + account_history + calendar_pnl + trade_plans)
ERROR:app:Exception on /login [GET]
Traceback (most recent call last):
  File "C:\Users\HP\AppData\Local\Programs\Python\Python313\Lib\site-packages\flask\app.py", line 1511, in wsgi_app
    response = self.full_dispatch_request()
  File "C:\Users\HP\AppData\Local\Programs\Python\Python313\Lib\site-packages\flask\app.py", line 919, in full_dispatch_request
    rv = self.handle_user_exception(e)
  File "C:\Users\HP\AppData\Local\Programs\Python\Python313\Lib\site-packages\flask\app.py", line 917, in full_dispatch_request
    rv = self.dispatch_request()
  File "C:\Users\HP\AppData\Local\Programs\Python\Python313\Lib\site-packages\flask\app.py", line 902, in dispatch_request
    return self.ensure_sync(self.view_functions[rule.endpoint])(**view_args)  # type: ignore[no-any-return]
           ~~~~~~~~~~~~~~~~~~~~~~~~~~~~~~~~~~~~~~~~~~~~~~~~~~~~^^^^^^^^^^^^^
  File "C:\Users\HP\Documents\Universal MT5 Web based Journal\app.py", line 961, in login
    return render_template('login.html')
  File "C:\Users\HP\AppData\Local\Programs\Python\Python313\Lib\site-packages\flask\templating.py", line 149, in render_template
    template = app.jinja_env.get_or_select_template(template_name_or_list)
  File "C:\Users\HP\AppData\Local\Programs\Python\Python313\Lib\site-packages\jinja2\environment.py", line 1087, in get_or_select_template
    return self.get_template(template_name_or_list, parent, globals)
           ~~~~~~~~~~~~~~~~~^^^^^^^^^^^^^^^^^^^^^^^^^^^^^^^^^^^^^^^^
  File "C:\Users\HP\AppData\Local\Programs\Python\Python313\Lib\site-packages\jinja2\environment.py", line 1016, in get_template
    return self._load_template(name, globals)
           ~~~~~~~~~~~~~~~~~~~^^^^^^^^^^^^^^^
  File "C:\Users\HP\AppData\Local\Programs\Python\Python313\Lib\site-packages\jinja2\environment.py", line 975, in _load_template
    template = self.loader.load(self, name, self.make_globals(globals))
  File "C:\Users\HP\AppData\Local\Programs\Python\Python313\Lib\site-packages\jinja2\loaders.py", line 138, in load
    code = environment.compile(source, name, filename)
  File "C:\Users\HP\AppData\Local\Programs\Python\Python313\Lib\site-packages\jinja2\environment.py", line 771, in compile
    self.handle_exception(source=source_hint)
    ~~~~~~~~~~~~~~~~~~~~~^^^^^^^^^^^^^^^^^^^^
  File "C:\Users\HP\AppData\Local\Programs\Python\Python313\Lib\site-packages\jinja2\environment.py", line 942, in handle_exception
    raise rewrite_traceback_stack(source=source)
  File "C:\Users\HP\Documents\Universal MT5 Web based Journal\templates\login.html", line 17, in template
    {% csrf_token() %}
    ^^^^^^^^^^^^^^^^^
jinja2.exceptions.TemplateSyntaxError: Encountered unknown tag 'csrf_token'.
ERROR:app:Exception on /login [GET]
Traceback (most recent call last):
  File "C:\Users\HP\AppData\Local\Programs\Python\Python313\Lib\site-packages\flask\app.py", line 1511, in wsgi_app
    response = self.full_dispatch_request()
  File "C:\Users\HP\AppData\Local\Programs\Python\Python313\Lib\site-packages\flask\app.py", line 919, in full_dispatch_request
    rv = self.handle_user_exception(e)
  File "C:\Users\HP\AppData\Local\Programs\Python\Python313\Lib\site-packages\flask\app.py", line 917, in full_dispatch_request
    rv = self.dispatch_request()
  File "C:\Users\HP\AppData\Local\Programs\Python\Python313\Lib\site-packages\flask\app.py", line 902, in dispatch_request
    return self.ensure_sync(self.view_functions[rule.endpoint])(**view_args)  # type: ignore[no-any-return]
           ~~~~~~~~~~~~~~~~~~~~~~~~~~~~~~~~~~~~~~~~~~~~~~~~~~~~^^^^^^^^^^^^^
  File "C:\Users\HP\Documents\Universal MT5 Web based Journal\app.py", line 961, in login
    return render_template('login.html')
  File "C:\Users\HP\AppData\Local\Programs\Python\Python313\Lib\site-packages\flask\templating.py", line 149, in render_template
    template = app.jinja_env.get_or_select_template(template_name_or_list)
  File "C:\Users\HP\AppData\Local\Programs\Python\Python313\Lib\site-packages\jinja2\environment.py", line 1087, in get_or_select_template
    return self.get_template(template_name_or_list, parent, globals)
           ~~~~~~~~~~~~~~~~~^^^^^^^^^^^^^^^^^^^^^^^^^^^^^^^^^^^^^^^^
  File "C:\Users\HP\AppData\Local\Programs\Python\Python313\Lib\site-packages\jinja2\environment.py", line 1016, in get_template
    return self._load_template(name, globals)
           ~~~~~~~~~~~~~~~~~~~^^^^^^^^^^^^^^^
  File "C:\Users\HP\AppData\Local\Programs\Python\Python313\Lib\site-packages\jinja2\environment.py", line 975, in _load_template
    template = self.loader.load(self, name, self.make_globals(globals))
  File "C:\Users\HP\AppData\Local\Programs\Python\Python313\Lib\site-packages\jinja2\loaders.py", line 138, in load
    code = environment.compile(source, name, filename)
  File "C:\Users\HP\AppData\Local\Programs\Python\Python313\Lib\site-packages\jinja2\environment.py", line 771, in compile
    self.handle_exception(source=source_hint)
    ~~~~~~~~~~~~~~~~~~~~~^^^^^^^^^^^^^^^^^^^^
  File "C:\Users\HP\AppData\Local\Programs\Python\Python313\Lib\site-packages\jinja2\environment.py", line 942, in handle_exception
    raise rewrite_traceback_stack(source=source)
  File "C:\Users\HP\Documents\Universal MT5 Web based Journal\templates\login.html", line 17, in template
    {% csrf_token() %}
    ^^^^^^^^^^^^^^^^^
jinja2.exceptions.TemplateSyntaxError: Encountered unknown tag 'csrf_token'.
INFO:mt5_journal:App logging initialized
INFO:mt5_journal:Database initialized (users + trades + account_history + calendar_pnl + trade_plans)
INFO:mt5_journal:App logging initialized
INFO:mt5_journal:Database initialized (users + trades + account_history + calendar_pnl + trade_plans)
WARNING:mt5_journal:Failed login attempt: admin
WARNING:mt5_journal:Failed login attempt: admin
WARNING:mt5_journal:Failed login attempt: admin
WARNING:mt5_journal:Failed login attempt: admin
WARNING:mt5_journal:Failed login attempt: admin
INFO:mt5_journal:App logging initialized
INFO:mt5_journal:Database initialized (users + trades + account_history + calendar_pnl + trade_plans)
WARNING:mt5_journal:Failed login attempt: admin
INFO:mt5_journal:New user registered: admin
INFO:mt5_journal:User admin logged out
INFO:mt5_journal:User logged in: admin
INFO:mt5_journal:AutoSyncThread started (interval=600s)
INFO:mt5_journal:Starting MT5 data synchronization...
INFO:mt5_journal:Sync already running (skipping)
ERROR:mt5_journal:MT5 connect error: 'mt5_accounts'
WARNING:mt5_journal:MT5 connection failed; sync aborted
INFO:mt5_journal:Starting MT5 data synchronization...
ERROR:mt5_journal:MT5 connect error: 'mt5_accounts'
WARNING:mt5_journal:MT5 connection failed; sync aborted
INFO:mt5_journal:Starting MT5 data synchronization...
ERROR:mt5_journal:MT5 connect error: 'mt5_accounts'
WARNING:mt5_journal:MT5 connection failed; sync aborted
INFO:mt5_journal:Starting MT5 data synchronization...
ERROR:mt5_journal:MT5 connect error: 'mt5_accounts'
WARNING:mt5_journal:MT5 connection failed; sync aborted
INFO:mt5_journal:Starting MT5 data synchronization...
ERROR:mt5_journal:MT5 connect error: 'mt5_accounts'
WARNING:mt5_journal:MT5 connection failed; sync aborted
INFO:mt5_journal:Starting MT5 data synchronization...
ERROR:mt5_journal:MT5 connect error: 'mt5_accounts'
WARNING:mt5_journal:MT5 connection failed; sync aborted
INFO:mt5_journal:App logging initialized
INFO:mt5_journal:Database initialized (users + trades + account_history + calendar_pnl + trade_plans)
WARNING:mt5_journal:Failed login attempt: admin
WARNING:mt5_journal:Failed login attempt: admin
WARNING:mt5_journal:Failed login attempt: admin
WARNING:mt5_journal:Failed login attempt: admin
WARNING:mt5_journal:Failed login attempt: admin
INFO:mt5_journal:App logging initialized
INFO:mt5_journal:Database initialized (users + trades + account_history + calendar_pnl + trade_plans)
WARNING:mt5_journal:Failed login attempt: admin
INFO:mt5_journal:New user registered: admin1
INFO:mt5_journal:App logging initialized
INFO:mt5_journal:Database initialized (users + trades + account_history + calendar_pnl + trade_plans)
INFO:mt5_journal:App logging initialized
INFO:mt5_journal:Database initialized (users + trades + account_history + calendar_pnl + trade_plans)
WARNING:mt5_journal:Failed login attempt: Kelvin
WARNING:mt5_journal:Failed login attempt: Kelvin
INFO:mt5_journal:New user registered: kelvin
INFO:mt5_journal:App logging initialized
INFO:mt5_journal:Database initialized (users + trades + account_history + calendar_pnl + trade_plans)
INFO:mt5_journal:App logging initialized
INFO:mt5_journal:Database initialized (users + trades + account_history + calendar_pnl + trade_plans)
INFO:mt5_journal:App logging initialized
INFO:mt5_journal:Database initialized (users + trades + account_history + calendar_pnl + trade_plans)
INFO:mt5_journal:App logging initialized
INFO:mt5_journal:Database initialized (users + trades + account_history + calendar_pnl + trade_plans)
INFO:mt5_journal:App logging initialized
INFO:mt5_journal:Database initialized (users + trades + account_history + calendar_pnl + trade_plans)
INFO:mt5_journal:MT5 Journal Application Started
INFO:mt5_journal:Database initialized with all tables
INFO:mt5_journal:Auto-sync thread started (interval: 300s)
INFO:mt5_journal:Starting MT5 data synchronization...
INFO:mt5_journal:Database updated with 159 trades
INFO:mt5_journal:MT5 synchronization completed: 159 trades
INFO:mt5_journal:Starting MT5 data synchronization...
INFO:mt5_journal:Database updated with 159 trades
INFO:mt5_journal:MT5 synchronization completed: 159 trades
INFO:mt5_journal:Starting MT5 data synchronization...
INFO:mt5_journal:Database updated with 159 trades
INFO:mt5_journal:MT5 synchronization completed: 159 trades
INFO:mt5_journal:Starting MT5 data synchronization...
INFO:mt5_journal:Database updated with 159 trades
INFO:mt5_journal:MT5 synchronization completed: 159 trades
INFO:mt5_journal:Starting MT5 data synchronization...
INFO:mt5_journal:Database updated with 159 trades
INFO:mt5_journal:MT5 synchronization completed: 159 trades
INFO:mt5_journal:Starting MT5 data synchronization...
INFO:mt5_journal:Database updated with 159 trades
INFO:mt5_journal:MT5 synchronization completed: 159 trades
INFO:mt5_journal:Starting MT5 data synchronization...
INFO:mt5_journal:Database updated with 159 trades
INFO:mt5_journal:MT5 synchronization completed: 159 trades
INFO:mt5_journal:Starting MT5 data synchronization...
INFO:mt5_journal:Database updated with 159 trades
INFO:mt5_journal:MT5 synchronization completed: 159 trades
INFO:mt5_journal:Starting MT5 data synchronization...
INFO:mt5_journal:Database updated with 159 trades
INFO:mt5_journal:MT5 synchronization completed: 159 trades
INFO:mt5_journal:Starting MT5 data synchronization...
INFO:mt5_journal:Database updated with 159 trades
INFO:mt5_journal:MT5 synchronization completed: 159 trades
INFO:mt5_journal:Starting MT5 data synchronization...
INFO:mt5_journal:Database updated with 159 trades
INFO:mt5_journal:MT5 synchronization completed: 159 trades
INFO:mt5_journal:Starting MT5 data synchronization...
INFO:mt5_journal:Database updated with 159 trades
INFO:mt5_journal:MT5 synchronization completed: 159 trades
